<?xml version="1.0" encoding="UTF-8"?>
<testng-results ignored="0" total="240" passed="226" failed="14" skipped="0">
  <reporter-output>
  </reporter-output>
  <suite started-at="2023-08-09T01:40:45 EDT" name="Default suite" finished-at="2023-08-09T01:42:52 EDT" duration-ms="127581">
    <groups>
      <group name="cucumber">
        <method signature="AbstractTestNGCucumberTests.runScenario(io.cucumber.testng.PickleWrapper,io.cucumber.testng.FeatureWrapper)[pri:0, instance:runner.TestRunner@7d9f158f]" name="runScenario" class="io.cucumber.testng.AbstractTestNGCucumberTests"/>
      </group> <!-- cucumber -->
    </groups>
    <test started-at="2023-08-09T01:40:45 EDT" name="Default test" finished-at="2023-08-09T01:42:52 EDT" duration-ms="127581">
      <class name="runner.TestRunner">
        <test-method is-config="true" signature="setUpClass(org.testng.ITestContext)[pri:0, instance:runner.TestRunner@7d9f158f]" started-at="2023-08-09T01:40:45 EDT" name="setUpClass" finished-at="2023-08-09T01:40:50 EDT" duration-ms="5446" status="PASS">
          <params>
            <param index="0">
              <value>
                <![CDATA[org.testng.TestRunner@7cdfb8c3]]>
              </value>
            </param>
          </params>
          <reporter-output>
          </reporter-output>
        </test-method> <!-- setUpClass -->
        <test-method signature="runScenario(io.cucumber.testng.PickleWrapper,io.cucumber.testng.FeatureWrapper)[pri:0, instance:runner.TestRunner@7d9f158f]" started-at="2023-08-09T01:40:50 EDT" name="runScenario" description="Runs Cucumber Scenarios" data-provider="scenarios" finished-at="2023-08-09T01:40:51 EDT" duration-ms="956" status="PASS">
          <params>
            <param index="0">
              <value>
                <![CDATA["User launch home page of an dsalgo project"]]>
              </value>
            </param>
            <param index="1">
              <value>
                <![CDATA["User launch the dsalgo portal link and test the home page"]]>
              </value>
            </param>
          </params>
          <reporter-output>
          </reporter-output>
        </test-method> <!-- runScenario -->
        <test-method signature="runScenario(io.cucumber.testng.PickleWrapper,io.cucumber.testng.FeatureWrapper)[pri:0, instance:runner.TestRunner@7d9f158f]" started-at="2023-08-09T01:40:51 EDT" name="runScenario" description="Runs Cucumber Scenarios" data-provider="scenarios" finished-at="2023-08-09T01:40:52 EDT" duration-ms="298" status="PASS">
          <params>
            <param index="0">
              <value>
                <![CDATA["User is on Home page and click getstarted link "Datastructures" on home page without sign in"]]>
              </value>
            </param>
            <param index="1">
              <value>
                <![CDATA["User launch the dsalgo portal link and test the home page"]]>
              </value>
            </param>
          </params>
          <reporter-output>
          </reporter-output>
        </test-method> <!-- runScenario -->
        <test-method signature="runScenario(io.cucumber.testng.PickleWrapper,io.cucumber.testng.FeatureWrapper)[pri:0, instance:runner.TestRunner@7d9f158f]" started-at="2023-08-09T01:40:52 EDT" name="runScenario" description="Runs Cucumber Scenarios" data-provider="scenarios" finished-at="2023-08-09T01:40:52 EDT" duration-ms="287" status="PASS">
          <params>
            <param index="0">
              <value>
                <![CDATA["User is on Home page and click getstarted link "Arrays" on home page without sign in"]]>
              </value>
            </param>
            <param index="1">
              <value>
                <![CDATA["User launch the dsalgo portal link and test the home page"]]>
              </value>
            </param>
          </params>
          <reporter-output>
          </reporter-output>
        </test-method> <!-- runScenario -->
        <test-method signature="runScenario(io.cucumber.testng.PickleWrapper,io.cucumber.testng.FeatureWrapper)[pri:0, instance:runner.TestRunner@7d9f158f]" started-at="2023-08-09T01:40:52 EDT" name="runScenario" description="Runs Cucumber Scenarios" data-provider="scenarios" finished-at="2023-08-09T01:40:52 EDT" duration-ms="318" status="PASS">
          <params>
            <param index="0">
              <value>
                <![CDATA["User is on Home page and click getstarted link "Linkedlist" on home page without sign in"]]>
              </value>
            </param>
            <param index="1">
              <value>
                <![CDATA["User launch the dsalgo portal link and test the home page"]]>
              </value>
            </param>
          </params>
          <reporter-output>
          </reporter-output>
        </test-method> <!-- runScenario -->
        <test-method signature="runScenario(io.cucumber.testng.PickleWrapper,io.cucumber.testng.FeatureWrapper)[pri:0, instance:runner.TestRunner@7d9f158f]" started-at="2023-08-09T01:40:52 EDT" name="runScenario" description="Runs Cucumber Scenarios" data-provider="scenarios" finished-at="2023-08-09T01:40:53 EDT" duration-ms="290" status="PASS">
          <params>
            <param index="0">
              <value>
                <![CDATA["User is on Home page and click getstarted link "Stack" on home page without sign in"]]>
              </value>
            </param>
            <param index="1">
              <value>
                <![CDATA["User launch the dsalgo portal link and test the home page"]]>
              </value>
            </param>
          </params>
          <reporter-output>
          </reporter-output>
        </test-method> <!-- runScenario -->
        <test-method signature="runScenario(io.cucumber.testng.PickleWrapper,io.cucumber.testng.FeatureWrapper)[pri:0, instance:runner.TestRunner@7d9f158f]" started-at="2023-08-09T01:40:53 EDT" name="runScenario" description="Runs Cucumber Scenarios" data-provider="scenarios" finished-at="2023-08-09T01:40:53 EDT" duration-ms="266" status="PASS">
          <params>
            <param index="0">
              <value>
                <![CDATA["User is on Home page and click getstarted link "Queue" on home page without sign in"]]>
              </value>
            </param>
            <param index="1">
              <value>
                <![CDATA["User launch the dsalgo portal link and test the home page"]]>
              </value>
            </param>
          </params>
          <reporter-output>
          </reporter-output>
        </test-method> <!-- runScenario -->
        <test-method signature="runScenario(io.cucumber.testng.PickleWrapper,io.cucumber.testng.FeatureWrapper)[pri:0, instance:runner.TestRunner@7d9f158f]" started-at="2023-08-09T01:40:53 EDT" name="runScenario" description="Runs Cucumber Scenarios" data-provider="scenarios" finished-at="2023-08-09T01:40:53 EDT" duration-ms="267" status="PASS">
          <params>
            <param index="0">
              <value>
                <![CDATA["User is on Home page and click getstarted link "Tree" on home page without sign in"]]>
              </value>
            </param>
            <param index="1">
              <value>
                <![CDATA["User launch the dsalgo portal link and test the home page"]]>
              </value>
            </param>
          </params>
          <reporter-output>
          </reporter-output>
        </test-method> <!-- runScenario -->
        <test-method signature="runScenario(io.cucumber.testng.PickleWrapper,io.cucumber.testng.FeatureWrapper)[pri:0, instance:runner.TestRunner@7d9f158f]" started-at="2023-08-09T01:40:53 EDT" name="runScenario" description="Runs Cucumber Scenarios" data-provider="scenarios" finished-at="2023-08-09T01:40:53 EDT" duration-ms="255" status="PASS">
          <params>
            <param index="0">
              <value>
                <![CDATA["User is on Home page and click getstarted link "Graph" on home page without sign in"]]>
              </value>
            </param>
            <param index="1">
              <value>
                <![CDATA["User launch the dsalgo portal link and test the home page"]]>
              </value>
            </param>
          </params>
          <reporter-output>
          </reporter-output>
        </test-method> <!-- runScenario -->
        <test-method signature="runScenario(io.cucumber.testng.PickleWrapper,io.cucumber.testng.FeatureWrapper)[pri:0, instance:runner.TestRunner@7d9f158f]" started-at="2023-08-09T01:40:53 EDT" name="runScenario" description="Runs Cucumber Scenarios" data-provider="scenarios" finished-at="2023-08-09T01:40:54 EDT" duration-ms="369" status="PASS">
          <params>
            <param index="0">
              <value>
                <![CDATA["User is on Home page and click on dropdown without sign in"]]>
              </value>
            </param>
            <param index="1">
              <value>
                <![CDATA["User launch the dsalgo portal link and test the home page"]]>
              </value>
            </param>
          </params>
          <reporter-output>
          </reporter-output>
        </test-method> <!-- runScenario -->
        <test-method signature="runScenario(io.cucumber.testng.PickleWrapper,io.cucumber.testng.FeatureWrapper)[pri:0, instance:runner.TestRunner@7d9f158f]" started-at="2023-08-09T01:40:54 EDT" name="runScenario" description="Runs Cucumber Scenarios" data-provider="scenarios" finished-at="2023-08-09T01:40:54 EDT" duration-ms="313" status="PASS">
          <params>
            <param index="0">
              <value>
                <![CDATA["User is on Home page and click on dropdown without sign in"]]>
              </value>
            </param>
            <param index="1">
              <value>
                <![CDATA["User launch the dsalgo portal link and test the home page"]]>
              </value>
            </param>
          </params>
          <reporter-output>
          </reporter-output>
        </test-method> <!-- runScenario -->
        <test-method signature="runScenario(io.cucumber.testng.PickleWrapper,io.cucumber.testng.FeatureWrapper)[pri:0, instance:runner.TestRunner@7d9f158f]" started-at="2023-08-09T01:40:54 EDT" name="runScenario" description="Runs Cucumber Scenarios" data-provider="scenarios" finished-at="2023-08-09T01:40:54 EDT" duration-ms="318" status="PASS">
          <params>
            <param index="0">
              <value>
                <![CDATA["User is on Home page and click on dropdown without sign in"]]>
              </value>
            </param>
            <param index="1">
              <value>
                <![CDATA["User launch the dsalgo portal link and test the home page"]]>
              </value>
            </param>
          </params>
          <reporter-output>
          </reporter-output>
        </test-method> <!-- runScenario -->
        <test-method signature="runScenario(io.cucumber.testng.PickleWrapper,io.cucumber.testng.FeatureWrapper)[pri:0, instance:runner.TestRunner@7d9f158f]" started-at="2023-08-09T01:40:54 EDT" name="runScenario" description="Runs Cucumber Scenarios" data-provider="scenarios" finished-at="2023-08-09T01:40:55 EDT" duration-ms="334" status="PASS">
          <params>
            <param index="0">
              <value>
                <![CDATA["User is on Home page and click on dropdown without sign in"]]>
              </value>
            </param>
            <param index="1">
              <value>
                <![CDATA["User launch the dsalgo portal link and test the home page"]]>
              </value>
            </param>
          </params>
          <reporter-output>
          </reporter-output>
        </test-method> <!-- runScenario -->
        <test-method signature="runScenario(io.cucumber.testng.PickleWrapper,io.cucumber.testng.FeatureWrapper)[pri:0, instance:runner.TestRunner@7d9f158f]" started-at="2023-08-09T01:40:55 EDT" name="runScenario" description="Runs Cucumber Scenarios" data-provider="scenarios" finished-at="2023-08-09T01:40:55 EDT" duration-ms="313" status="PASS">
          <params>
            <param index="0">
              <value>
                <![CDATA["User is on Home page and click on dropdown without sign in"]]>
              </value>
            </param>
            <param index="1">
              <value>
                <![CDATA["User launch the dsalgo portal link and test the home page"]]>
              </value>
            </param>
          </params>
          <reporter-output>
          </reporter-output>
        </test-method> <!-- runScenario -->
        <test-method signature="runScenario(io.cucumber.testng.PickleWrapper,io.cucumber.testng.FeatureWrapper)[pri:0, instance:runner.TestRunner@7d9f158f]" started-at="2023-08-09T01:40:55 EDT" name="runScenario" description="Runs Cucumber Scenarios" data-provider="scenarios" finished-at="2023-08-09T01:40:55 EDT" duration-ms="297" status="PASS">
          <params>
            <param index="0">
              <value>
                <![CDATA["User is on Home page and click on dropdown without sign in"]]>
              </value>
            </param>
            <param index="1">
              <value>
                <![CDATA["User launch the dsalgo portal link and test the home page"]]>
              </value>
            </param>
          </params>
          <reporter-output>
          </reporter-output>
        </test-method> <!-- runScenario -->
        <test-method signature="runScenario(io.cucumber.testng.PickleWrapper,io.cucumber.testng.FeatureWrapper)[pri:0, instance:runner.TestRunner@7d9f158f]" started-at="2023-08-09T01:40:55 EDT" name="runScenario" description="Runs Cucumber Scenarios" data-provider="scenarios" finished-at="2023-08-09T01:40:56 EDT" duration-ms="214" status="PASS">
          <params>
            <param index="0">
              <value>
                <![CDATA["User is on Home page and click on sign in"]]>
              </value>
            </param>
            <param index="1">
              <value>
                <![CDATA["User launch the dsalgo portal link and test the home page"]]>
              </value>
            </param>
          </params>
          <reporter-output>
          </reporter-output>
        </test-method> <!-- runScenario -->
        <test-method signature="runScenario(io.cucumber.testng.PickleWrapper,io.cucumber.testng.FeatureWrapper)[pri:0, instance:runner.TestRunner@7d9f158f]" started-at="2023-08-09T01:40:56 EDT" name="runScenario" description="Runs Cucumber Scenarios" data-provider="scenarios" finished-at="2023-08-09T01:40:56 EDT" duration-ms="171" status="PASS">
          <params>
            <param index="0">
              <value>
                <![CDATA["User is on Home page and click on Register"]]>
              </value>
            </param>
            <param index="1">
              <value>
                <![CDATA["User launch the dsalgo portal link and test the home page"]]>
              </value>
            </param>
          </params>
          <reporter-output>
          </reporter-output>
        </test-method> <!-- runScenario -->
        <test-method signature="runScenario(io.cucumber.testng.PickleWrapper,io.cucumber.testng.FeatureWrapper)[pri:0, instance:runner.TestRunner@7d9f158f]" started-at="2023-08-09T01:40:56 EDT" name="runScenario" description="Runs Cucumber Scenarios" data-provider="scenarios" finished-at="2023-08-09T01:40:56 EDT" duration-ms="334" status="PASS">
          <params>
            <param index="0">
              <value>
                <![CDATA["User launch home page of an dsalgo project"]]>
              </value>
            </param>
            <param index="1">
              <value>
                <![CDATA["User Validates the register page in DS Algo"]]>
              </value>
            </param>
          </params>
          <reporter-output>
          </reporter-output>
        </test-method> <!-- runScenario -->
        <test-method signature="runScenario(io.cucumber.testng.PickleWrapper,io.cucumber.testng.FeatureWrapper)[pri:0, instance:runner.TestRunner@7d9f158f]" started-at="2023-08-09T01:40:56 EDT" name="runScenario" description="Runs Cucumber Scenarios" data-provider="scenarios" finished-at="2023-08-09T01:40:57 EDT" duration-ms="442" status="PASS">
          <params>
            <param index="0">
              <value>
                <![CDATA["The user is presented with error message for empty fields below Username textbox"]]>
              </value>
            </param>
            <param index="1">
              <value>
                <![CDATA["User Validates the register page in DS Algo"]]>
              </value>
            </param>
          </params>
          <reporter-output>
          </reporter-output>
        </test-method> <!-- runScenario -->
        <test-method signature="runScenario(io.cucumber.testng.PickleWrapper,io.cucumber.testng.FeatureWrapper)[pri:0, instance:runner.TestRunner@7d9f158f]" started-at="2023-08-09T01:40:57 EDT" name="runScenario" description="Runs Cucumber Scenarios" data-provider="scenarios" finished-at="2023-08-09T01:40:57 EDT" duration-ms="427" status="PASS">
          <params>
            <param index="0">
              <value>
                <![CDATA["The user is presented with error message for empty fields below Password textbox"]]>
              </value>
            </param>
            <param index="1">
              <value>
                <![CDATA["User Validates the register page in DS Algo"]]>
              </value>
            </param>
          </params>
          <reporter-output>
          </reporter-output>
        </test-method> <!-- runScenario -->
        <test-method signature="runScenario(io.cucumber.testng.PickleWrapper,io.cucumber.testng.FeatureWrapper)[pri:0, instance:runner.TestRunner@7d9f158f]" started-at="2023-08-09T01:40:57 EDT" name="runScenario" description="Runs Cucumber Scenarios" data-provider="scenarios" finished-at="2023-08-09T01:40:57 EDT" duration-ms="485" status="PASS">
          <params>
            <param index="0">
              <value>
                <![CDATA["The user is presented with error message for empty fields below Password Confirmation textbox"]]>
              </value>
            </param>
            <param index="1">
              <value>
                <![CDATA["User Validates the register page in DS Algo"]]>
              </value>
            </param>
          </params>
          <reporter-output>
          </reporter-output>
        </test-method> <!-- runScenario -->
        <test-method signature="runScenario(io.cucumber.testng.PickleWrapper,io.cucumber.testng.FeatureWrapper)[pri:0, instance:runner.TestRunner@7d9f158f]" started-at="2023-08-09T01:40:57 EDT" name="runScenario" description="Runs Cucumber Scenarios" data-provider="scenarios" finished-at="2023-08-09T01:40:58 EDT" duration-ms="822" status="FAIL">
          <params>
            <param index="0">
              <value>
                <![CDATA["The user is presented with error message for invalid username"]]>
              </value>
            </param>
            <param index="1">
              <value>
                <![CDATA["User Validates the register page in DS Algo"]]>
              </value>
            </param>
          </params>
          <exception class="java.lang.AssertionError">
            <message>
              <![CDATA[expected [Please enter a valid username] but found [password_mismatch:The two password fields didn’t match.]]]>
            </message>
            <full-stacktrace>
              <![CDATA[java.lang.AssertionError: expected [Please enter a valid username] but found [password_mismatch:The two password fields didn’t match.]
at org.testng.Assert.fail(Assert.java:111)
at org.testng.Assert.failNotEquals(Assert.java:1578)
at org.testng.Assert.assertEqualsImpl(Assert.java:150)
at org.testng.Assert.assertEquals(Assert.java:132)
at org.testng.Assert.assertEquals(Assert.java:656)
at org.testng.Assert.assertEquals(Assert.java:666)
at stepDefinitions.RegisterPageSD.it_should_display_an_error_message(RegisterPageSD.java:92)
at ✽.It should display an error message "Please enter a valid username"(file:///D:/Ancy/Java/DSAlgo/DSAlgo/src/test/resources/features/2_RegisterPage.feature:57)
]]>
            </full-stacktrace>
          </exception> <!-- java.lang.AssertionError -->
          <reporter-output>
          </reporter-output>
        </test-method> <!-- runScenario -->
        <test-method signature="runScenario(io.cucumber.testng.PickleWrapper,io.cucumber.testng.FeatureWrapper)[pri:0, instance:runner.TestRunner@7d9f158f]" started-at="2023-08-09T01:40:58 EDT" name="runScenario" description="Runs Cucumber Scenarios" data-provider="scenarios" finished-at="2023-08-09T01:40:59 EDT" duration-ms="741" status="FAIL">
          <params>
            <param index="0">
              <value>
                <![CDATA["The user is presented with error message for username already exists"]]>
              </value>
            </param>
            <param index="1">
              <value>
                <![CDATA["User Validates the register page in DS Algo"]]>
              </value>
            </param>
          </params>
          <exception class="java.lang.AssertionError">
            <message>
              <![CDATA[expected [Username already exists] but found [password_mismatch:The two password fields didn’t match.]]]>
            </message>
            <full-stacktrace>
              <![CDATA[java.lang.AssertionError: expected [Username already exists] but found [password_mismatch:The two password fields didn’t match.]
at org.testng.Assert.fail(Assert.java:111)
at org.testng.Assert.failNotEquals(Assert.java:1578)
at org.testng.Assert.assertEqualsImpl(Assert.java:150)
at org.testng.Assert.assertEquals(Assert.java:132)
at org.testng.Assert.assertEquals(Assert.java:656)
at org.testng.Assert.assertEquals(Assert.java:666)
at stepDefinitions.RegisterPageSD.it_should_display_an_error_message(RegisterPageSD.java:92)
at ✽.It should display an error message "Username already exists"(file:///D:/Ancy/Java/DSAlgo/DSAlgo/src/test/resources/features/2_RegisterPage.feature:65)
]]>
            </full-stacktrace>
          </exception> <!-- java.lang.AssertionError -->
          <reporter-output>
          </reporter-output>
        </test-method> <!-- runScenario -->
        <test-method signature="runScenario(io.cucumber.testng.PickleWrapper,io.cucumber.testng.FeatureWrapper)[pri:0, instance:runner.TestRunner@7d9f158f]" started-at="2023-08-09T01:40:59 EDT" name="runScenario" description="Runs Cucumber Scenarios" data-provider="scenarios" finished-at="2023-08-09T01:41:00 EDT" duration-ms="568" status="PASS">
          <params>
            <param index="0">
              <value>
                <![CDATA["The user is presented with error message for password mismatch"]]>
              </value>
            </param>
            <param index="1">
              <value>
                <![CDATA["User Validates the register page in DS Algo"]]>
              </value>
            </param>
          </params>
          <reporter-output>
          </reporter-output>
        </test-method> <!-- runScenario -->
        <test-method signature="runScenario(io.cucumber.testng.PickleWrapper,io.cucumber.testng.FeatureWrapper)[pri:0, instance:runner.TestRunner@7d9f158f]" started-at="2023-08-09T01:41:00 EDT" name="runScenario" description="Runs Cucumber Scenarios" data-provider="scenarios" finished-at="2023-08-09T01:41:00 EDT" duration-ms="767" status="FAIL">
          <params>
            <param index="0">
              <value>
                <![CDATA["The user is presented with error message for password with characters less than 8"]]>
              </value>
            </param>
            <param index="1">
              <value>
                <![CDATA["User Validates the register page in DS Algo"]]>
              </value>
            </param>
          </params>
          <exception class="java.lang.AssertionError">
            <message>
              <![CDATA[expected [Password should contain at least 8 characters] but found [password_mismatch:The two password fields didn’t match.]]]>
            </message>
            <full-stacktrace>
              <![CDATA[java.lang.AssertionError: expected [Password should contain at least 8 characters] but found [password_mismatch:The two password fields didn’t match.]
at org.testng.Assert.fail(Assert.java:111)
at org.testng.Assert.failNotEquals(Assert.java:1578)
at org.testng.Assert.assertEqualsImpl(Assert.java:150)
at org.testng.Assert.assertEquals(Assert.java:132)
at org.testng.Assert.assertEquals(Assert.java:656)
at org.testng.Assert.assertEquals(Assert.java:666)
at stepDefinitions.RegisterPageSD.it_should_display_an_error_message(RegisterPageSD.java:92)
at ✽.It should display an error message "Password should contain at least 8 characters"(file:///D:/Ancy/Java/DSAlgo/DSAlgo/src/test/resources/features/2_RegisterPage.feature:81)
]]>
            </full-stacktrace>
          </exception> <!-- java.lang.AssertionError -->
          <reporter-output>
          </reporter-output>
        </test-method> <!-- runScenario -->
        <test-method signature="runScenario(io.cucumber.testng.PickleWrapper,io.cucumber.testng.FeatureWrapper)[pri:0, instance:runner.TestRunner@7d9f158f]" started-at="2023-08-09T01:41:00 EDT" name="runScenario" description="Runs Cucumber Scenarios" data-provider="scenarios" finished-at="2023-08-09T01:41:01 EDT" duration-ms="749" status="FAIL">
          <params>
            <param index="0">
              <value>
                <![CDATA["The user is presented with error message for password with only numbers"]]>
              </value>
            </param>
            <param index="1">
              <value>
                <![CDATA["User Validates the register page in DS Algo"]]>
              </value>
            </param>
          </params>
          <exception class="java.lang.AssertionError">
            <message>
              <![CDATA[expected [Password can’t be entirely numeric.] but found [password_mismatch:The two password fields didn’t match.]]]>
            </message>
            <full-stacktrace>
              <![CDATA[java.lang.AssertionError: expected [Password can’t be entirely numeric.] but found [password_mismatch:The two password fields didn’t match.]
at org.testng.Assert.fail(Assert.java:111)
at org.testng.Assert.failNotEquals(Assert.java:1578)
at org.testng.Assert.assertEqualsImpl(Assert.java:150)
at org.testng.Assert.assertEquals(Assert.java:132)
at org.testng.Assert.assertEquals(Assert.java:656)
at org.testng.Assert.assertEquals(Assert.java:666)
at stepDefinitions.RegisterPageSD.it_should_display_an_error_message(RegisterPageSD.java:92)
at ✽.It should display an error message "Password can’t be entirely numeric."(file:///D:/Ancy/Java/DSAlgo/DSAlgo/src/test/resources/features/2_RegisterPage.feature:89)
]]>
            </full-stacktrace>
          </exception> <!-- java.lang.AssertionError -->
          <reporter-output>
          </reporter-output>
        </test-method> <!-- runScenario -->
        <test-method signature="runScenario(io.cucumber.testng.PickleWrapper,io.cucumber.testng.FeatureWrapper)[pri:0, instance:runner.TestRunner@7d9f158f]" started-at="2023-08-09T01:41:01 EDT" name="runScenario" description="Runs Cucumber Scenarios" data-provider="scenarios" finished-at="2023-08-09T01:41:02 EDT" duration-ms="731" status="FAIL">
          <params>
            <param index="0">
              <value>
                <![CDATA["The user is presented with error message for password too similar to your other personal information"]]>
              </value>
            </param>
            <param index="1">
              <value>
                <![CDATA["User Validates the register page in DS Algo"]]>
              </value>
            </param>
          </params>
          <exception class="java.lang.AssertionError">
            <message>
              <![CDATA[expected [password can’t be too similar to your other personal information.] but found [password_mismatch:The two password fields didn’t match.]]]>
            </message>
            <full-stacktrace>
              <![CDATA[java.lang.AssertionError: expected [password can’t be too similar to your other personal information.] but found [password_mismatch:The two password fields didn’t match.]
at org.testng.Assert.fail(Assert.java:111)
at org.testng.Assert.failNotEquals(Assert.java:1578)
at org.testng.Assert.assertEqualsImpl(Assert.java:150)
at org.testng.Assert.assertEquals(Assert.java:132)
at org.testng.Assert.assertEquals(Assert.java:656)
at org.testng.Assert.assertEquals(Assert.java:666)
at stepDefinitions.RegisterPageSD.it_should_display_an_error_message(RegisterPageSD.java:92)
at ✽.It should display an error message "password can’t be too similar to your other personal information."(file:///D:/Ancy/Java/DSAlgo/DSAlgo/src/test/resources/features/2_RegisterPage.feature:97)
]]>
            </full-stacktrace>
          </exception> <!-- java.lang.AssertionError -->
          <reporter-output>
          </reporter-output>
        </test-method> <!-- runScenario -->
        <test-method signature="runScenario(io.cucumber.testng.PickleWrapper,io.cucumber.testng.FeatureWrapper)[pri:0, instance:runner.TestRunner@7d9f158f]" started-at="2023-08-09T01:41:02 EDT" name="runScenario" description="Runs Cucumber Scenarios" data-provider="scenarios" finished-at="2023-08-09T01:41:03 EDT" duration-ms="774" status="FAIL">
          <params>
            <param index="0">
              <value>
                <![CDATA["The user is presented with error message for commonly used password"]]>
              </value>
            </param>
            <param index="1">
              <value>
                <![CDATA["User Validates the register page in DS Algo"]]>
              </value>
            </param>
          </params>
          <exception class="java.lang.AssertionError">
            <message>
              <![CDATA[expected [Password can’t be commonly used password] but found [password_mismatch:The two password fields didn’t match.]]]>
            </message>
            <full-stacktrace>
              <![CDATA[java.lang.AssertionError: expected [Password can’t be commonly used password] but found [password_mismatch:The two password fields didn’t match.]
at org.testng.Assert.fail(Assert.java:111)
at org.testng.Assert.failNotEquals(Assert.java:1578)
at org.testng.Assert.assertEqualsImpl(Assert.java:150)
at org.testng.Assert.assertEquals(Assert.java:132)
at org.testng.Assert.assertEquals(Assert.java:656)
at org.testng.Assert.assertEquals(Assert.java:666)
at stepDefinitions.RegisterPageSD.it_should_display_an_error_message(RegisterPageSD.java:92)
at ✽.It should display an error message "Password can’t be commonly used password"(file:///D:/Ancy/Java/DSAlgo/DSAlgo/src/test/resources/features/2_RegisterPage.feature:106)
]]>
            </full-stacktrace>
          </exception> <!-- java.lang.AssertionError -->
          <reporter-output>
          </reporter-output>
        </test-method> <!-- runScenario -->
        <test-method signature="runScenario(io.cucumber.testng.PickleWrapper,io.cucumber.testng.FeatureWrapper)[pri:0, instance:runner.TestRunner@7d9f158f]" started-at="2023-08-09T01:41:03 EDT" name="runScenario" description="Runs Cucumber Scenarios" data-provider="scenarios" finished-at="2023-08-09T01:41:03 EDT" duration-ms="677" status="FAIL">
          <params>
            <param index="0">
              <value>
                <![CDATA["The user is succesfully able to register"]]>
              </value>
            </param>
            <param index="1">
              <value>
                <![CDATA["User Validates the register page in DS Algo"]]>
              </value>
            </param>
          </params>
          <exception class="java.lang.AssertionError">
            <message>
              <![CDATA[Title do not match expected [NumpyNinja] but found [Registration]]]>
            </message>
            <full-stacktrace>
              <![CDATA[java.lang.AssertionError: Title do not match expected [NumpyNinja] but found [Registration]
at org.testng.Assert.fail(Assert.java:111)
at org.testng.Assert.failNotEquals(Assert.java:1578)
at org.testng.Assert.assertEqualsImpl(Assert.java:150)
at org.testng.Assert.assertEquals(Assert.java:132)
at org.testng.Assert.assertEquals(Assert.java:656)
at stepDefinitions.RegisterPageSD.the_user_should_be_redirected_to_homepage_with_the_message(RegisterPageSD.java:214)
at ✽.The user should be redirected to Homepage with the message "New Account Created. You are logged in as Nmpy@sdet117_102"(file:///D:/Ancy/Java/DSAlgo/DSAlgo/src/test/resources/features/2_RegisterPage.feature:115)
]]>
            </full-stacktrace>
          </exception> <!-- java.lang.AssertionError -->
          <reporter-output>
          </reporter-output>
        </test-method> <!-- runScenario -->
        <test-method signature="runScenario(io.cucumber.testng.PickleWrapper,io.cucumber.testng.FeatureWrapper)[pri:0, instance:runner.TestRunner@7d9f158f]" started-at="2023-08-09T01:41:03 EDT" name="runScenario" description="Runs Cucumber Scenarios" data-provider="scenarios" finished-at="2023-08-09T01:41:04 EDT" duration-ms="195" status="FAIL">
          <params>
            <param index="0">
              <value>
                <![CDATA["The user is able to signout from the registered page"]]>
              </value>
            </param>
            <param index="1">
              <value>
                <![CDATA["User Validates the register page in DS Algo"]]>
              </value>
            </param>
          </params>
          <exception class="org.openqa.selenium.NoSuchElementException">
            <message>
              <![CDATA[no such element: Unable to locate element: {"method":"xpath","selector":"//a[@href='/logout']"}
  (Session info: chrome=115.0.5790.171)
For documentation on this error, please visit: https://www.selenium.dev/documentation/webdriver/troubleshooting/errors#no-such-element-exception
Build info: version: '4.10.0', revision: 'c14d967899'
System info: os.name: 'Windows 11', os.arch: 'amd64', os.version: '10.0', java.version: '18.0.1.1'
Driver info: org.openqa.selenium.chrome.ChromeDriver
Command: [e93f37d532d370d244a4c865cc6f70b3, findElement {using=xpath, value=//a[@href='/logout']}]
Capabilities {acceptInsecureCerts: false, browserName: chrome, browserVersion: 115.0.5790.171, chrome: {chromedriverVersion: 114.0.5735.90 (386bc09e8f4f..., userDataDir: C:\Users\biju1\AppData\Loca...}, goog:chromeOptions: {debuggerAddress: localhost:55381}, networkConnectionEnabled: false, pageLoadStrategy: normal, platformName: windows, proxy: Proxy(), se:cdp: ws://localhost:55381/devtoo..., se:cdpVersion: 115.0.5790.171, setWindowRect: true, strictFileInteractability: false, timeouts: {implicit: 0, pageLoad: 300000, script: 30000}, unhandledPromptBehavior: dismiss and notify, webauthn:extension:credBlob: true, webauthn:extension:largeBlob: true, webauthn:extension:minPinLength: true, webauthn:extension:prf: true, webauthn:virtualAuthenticators: true}
Session ID: e93f37d532d370d244a4c865cc6f70b3]]>
            </message>
            <full-stacktrace>
              <![CDATA[org.openqa.selenium.NoSuchElementException: no such element: Unable to locate element: {"method":"xpath","selector":"//a[@href='/logout']"}
  (Session info: chrome=115.0.5790.171)
For documentation on this error, please visit: https://www.selenium.dev/documentation/webdriver/troubleshooting/errors#no-such-element-exception
Build info: version: '4.10.0', revision: 'c14d967899'
System info: os.name: 'Windows 11', os.arch: 'amd64', os.version: '10.0', java.version: '18.0.1.1'
Driver info: org.openqa.selenium.chrome.ChromeDriver
Command: [e93f37d532d370d244a4c865cc6f70b3, findElement {using=xpath, value=//a[@href='/logout']}]
Capabilities {acceptInsecureCerts: false, browserName: chrome, browserVersion: 115.0.5790.171, chrome: {chromedriverVersion: 114.0.5735.90 (386bc09e8f4f..., userDataDir: C:\Users\biju1\AppData\Loca...}, goog:chromeOptions: {debuggerAddress: localhost:55381}, networkConnectionEnabled: false, pageLoadStrategy: normal, platformName: windows, proxy: Proxy(), se:cdp: ws://localhost:55381/devtoo..., se:cdpVersion: 115.0.5790.171, setWindowRect: true, strictFileInteractability: false, timeouts: {implicit: 0, pageLoad: 300000, script: 30000}, unhandledPromptBehavior: dismiss and notify, webauthn:extension:credBlob: true, webauthn:extension:largeBlob: true, webauthn:extension:minPinLength: true, webauthn:extension:prf: true, webauthn:virtualAuthenticators: true}
Session ID: e93f37d532d370d244a4c865cc6f70b3
at java.base/jdk.internal.reflect.DirectConstructorHandleAccessor.newInstance(DirectConstructorHandleAccessor.java:67)
at java.base/java.lang.reflect.Constructor.newInstanceWithCaller(Constructor.java:499)
at java.base/java.lang.reflect.Constructor.newInstance(Constructor.java:483)
at org.openqa.selenium.remote.codec.w3c.W3CHttpResponseCodec.createException(W3CHttpResponseCodec.java:199)
at org.openqa.selenium.remote.codec.w3c.W3CHttpResponseCodec.decode(W3CHttpResponseCodec.java:132)
at org.openqa.selenium.remote.codec.w3c.W3CHttpResponseCodec.decode(W3CHttpResponseCodec.java:51)
at org.openqa.selenium.remote.HttpCommandExecutor.execute(HttpCommandExecutor.java:191)
at org.openqa.selenium.remote.service.DriverCommandExecutor.invokeExecute(DriverCommandExecutor.java:196)
at org.openqa.selenium.remote.service.DriverCommandExecutor.execute(DriverCommandExecutor.java:171)
at org.openqa.selenium.remote.RemoteWebDriver.execute(RemoteWebDriver.java:531)
at org.openqa.selenium.remote.ElementLocation$ElementFinder$2.findElement(ElementLocation.java:165)
at org.openqa.selenium.remote.ElementLocation.findElement(ElementLocation.java:59)
at org.openqa.selenium.remote.RemoteWebDriver.findElement(RemoteWebDriver.java:350)
at org.openqa.selenium.remote.RemoteWebDriver.findElement(RemoteWebDriver.java:344)
at org.openqa.selenium.support.pagefactory.DefaultElementLocator.findElement(DefaultElementLocator.java:68)
at org.openqa.selenium.support.pagefactory.internal.LocatingElementHandler.invoke(LocatingElementHandler.java:38)
at jdk.proxy2/jdk.proxy2.$Proxy60.click(Unknown Source)
at pageObjects.RegisterPage.clickSignOutLink(RegisterPage.java:182)
at stepDefinitions.RegisterPageSD.the_user_clicks_the_link(RegisterPageSD.java:226)
at ✽.The user clicks the "Sign Out" link(file:///D:/Ancy/Java/DSAlgo/DSAlgo/src/test/resources/features/2_RegisterPage.feature:121)
]]>
            </full-stacktrace>
          </exception> <!-- org.openqa.selenium.NoSuchElementException -->
          <reporter-output>
          </reporter-output>
        </test-method> <!-- runScenario -->
        <test-method signature="runScenario(io.cucumber.testng.PickleWrapper,io.cucumber.testng.FeatureWrapper)[pri:0, instance:runner.TestRunner@7d9f158f]" started-at="2023-08-09T01:41:04 EDT" name="runScenario" description="Runs Cucumber Scenarios" data-provider="scenarios" finished-at="2023-08-09T01:41:04 EDT" duration-ms="265" status="PASS">
          <params>
            <param index="0">
              <value>
                <![CDATA["Verify the register link"]]>
              </value>
            </param>
            <param index="1">
              <value>
                <![CDATA["User Validates the Signin page in DS Algo"]]>
              </value>
            </param>
          </params>
          <reporter-output>
          </reporter-output>
        </test-method> <!-- runScenario -->
        <test-method signature="runScenario(io.cucumber.testng.PickleWrapper,io.cucumber.testng.FeatureWrapper)[pri:0, instance:runner.TestRunner@7d9f158f]" started-at="2023-08-09T01:41:04 EDT" name="runScenario" description="Runs Cucumber Scenarios" data-provider="scenarios" finished-at="2023-08-09T01:41:04 EDT" duration-ms="165" status="PASS">
          <params>
            <param index="0">
              <value>
                <![CDATA["The user is able to navigate to Signin Page from Register Page"]]>
              </value>
            </param>
            <param index="1">
              <value>
                <![CDATA["User Validates the Signin page in DS Algo"]]>
              </value>
            </param>
          </params>
          <reporter-output>
          </reporter-output>
        </test-method> <!-- runScenario -->
        <test-method signature="runScenario(io.cucumber.testng.PickleWrapper,io.cucumber.testng.FeatureWrapper)[pri:0, instance:runner.TestRunner@7d9f158f]" started-at="2023-08-09T01:41:04 EDT" name="runScenario" description="Runs Cucumber Scenarios" data-provider="scenarios" finished-at="2023-08-09T01:41:05 EDT" duration-ms="1411" status="PASS">
          <params>
            <param index="0">
              <value>
                <![CDATA["User on login page and login with invalid and valid inputs from Excel "SignIn" and 0"]]>
              </value>
            </param>
            <param index="1">
              <value>
                <![CDATA["User Validates the Signin page in DS Algo"]]>
              </value>
            </param>
          </params>
          <reporter-output>
          </reporter-output>
        </test-method> <!-- runScenario -->
        <test-method signature="runScenario(io.cucumber.testng.PickleWrapper,io.cucumber.testng.FeatureWrapper)[pri:0, instance:runner.TestRunner@7d9f158f]" started-at="2023-08-09T01:41:05 EDT" name="runScenario" description="Runs Cucumber Scenarios" data-provider="scenarios" finished-at="2023-08-09T01:41:06 EDT" duration-ms="456" status="PASS">
          <params>
            <param index="0">
              <value>
                <![CDATA["User on login page and login with invalid and valid inputs from Excel "SignIn" and 1"]]>
              </value>
            </param>
            <param index="1">
              <value>
                <![CDATA["User Validates the Signin page in DS Algo"]]>
              </value>
            </param>
          </params>
          <reporter-output>
          </reporter-output>
        </test-method> <!-- runScenario -->
        <test-method signature="runScenario(io.cucumber.testng.PickleWrapper,io.cucumber.testng.FeatureWrapper)[pri:0, instance:runner.TestRunner@7d9f158f]" started-at="2023-08-09T01:41:06 EDT" name="runScenario" description="Runs Cucumber Scenarios" data-provider="scenarios" finished-at="2023-08-09T01:41:07 EDT" duration-ms="796" status="FAIL">
          <params>
            <param index="0">
              <value>
                <![CDATA["User on login page and login with invalid and valid inputs from Excel "SignIn" and 2"]]>
              </value>
            </param>
            <param index="1">
              <value>
                <![CDATA["User Validates the Signin page in DS Algo"]]>
              </value>
            </param>
          </params>
          <exception class="java.lang.AssertionError">
            <message>
              <![CDATA[expected [Invalid Username] but found [Invalid Username and Password]]]>
            </message>
            <full-stacktrace>
              <![CDATA[java.lang.AssertionError: expected [Invalid Username] but found [Invalid Username and Password]
at org.testng.Assert.fail(Assert.java:111)
at org.testng.Assert.failNotEquals(Assert.java:1578)
at org.testng.Assert.assertEqualsImpl(Assert.java:150)
at org.testng.Assert.assertEquals(Assert.java:132)
at org.testng.Assert.assertEquals(Assert.java:656)
at org.testng.Assert.assertEquals(Assert.java:666)
at stepDefinitions.SignInPageSD.click_login_button(SignInPageSD.java:105)
at ✽.click login button(file:///D:/Ancy/Java/DSAlgo/DSAlgo/src/test/resources/features/3_SignInPage.feature:38)
]]>
            </full-stacktrace>
          </exception> <!-- java.lang.AssertionError -->
          <reporter-output>
          </reporter-output>
        </test-method> <!-- runScenario -->
        <test-method signature="runScenario(io.cucumber.testng.PickleWrapper,io.cucumber.testng.FeatureWrapper)[pri:0, instance:runner.TestRunner@7d9f158f]" started-at="2023-08-09T01:41:07 EDT" name="runScenario" description="Runs Cucumber Scenarios" data-provider="scenarios" finished-at="2023-08-09T01:41:07 EDT" duration-ms="783" status="FAIL">
          <params>
            <param index="0">
              <value>
                <![CDATA["User on login page and login with invalid and valid inputs from Excel "SignIn" and 3"]]>
              </value>
            </param>
            <param index="1">
              <value>
                <![CDATA["User Validates the Signin page in DS Algo"]]>
              </value>
            </param>
          </params>
          <exception class="java.lang.AssertionError">
            <message>
              <![CDATA[expected [Invalid Password] but found [Invalid Username and Password]]]>
            </message>
            <full-stacktrace>
              <![CDATA[java.lang.AssertionError: expected [Invalid Password] but found [Invalid Username and Password]
at org.testng.Assert.fail(Assert.java:111)
at org.testng.Assert.failNotEquals(Assert.java:1578)
at org.testng.Assert.assertEqualsImpl(Assert.java:150)
at org.testng.Assert.assertEquals(Assert.java:132)
at org.testng.Assert.assertEquals(Assert.java:656)
at org.testng.Assert.assertEquals(Assert.java:666)
at stepDefinitions.SignInPageSD.click_login_button(SignInPageSD.java:105)
at ✽.click login button(file:///D:/Ancy/Java/DSAlgo/DSAlgo/src/test/resources/features/3_SignInPage.feature:38)
]]>
            </full-stacktrace>
          </exception> <!-- java.lang.AssertionError -->
          <reporter-output>
          </reporter-output>
        </test-method> <!-- runScenario -->
        <test-method signature="runScenario(io.cucumber.testng.PickleWrapper,io.cucumber.testng.FeatureWrapper)[pri:0, instance:runner.TestRunner@7d9f158f]" started-at="2023-08-09T01:41:07 EDT" name="runScenario" description="Runs Cucumber Scenarios" data-provider="scenarios" finished-at="2023-08-09T01:41:08 EDT" duration-ms="564" status="PASS">
          <params>
            <param index="0">
              <value>
                <![CDATA["User on login page and login with invalid and valid inputs from Excel "SignIn" and 4"]]>
              </value>
            </param>
            <param index="1">
              <value>
                <![CDATA["User Validates the Signin page in DS Algo"]]>
              </value>
            </param>
          </params>
          <reporter-output>
          </reporter-output>
        </test-method> <!-- runScenario -->
        <test-method signature="runScenario(io.cucumber.testng.PickleWrapper,io.cucumber.testng.FeatureWrapper)[pri:0, instance:runner.TestRunner@7d9f158f]" started-at="2023-08-09T01:41:08 EDT" name="runScenario" description="Runs Cucumber Scenarios" data-provider="scenarios" finished-at="2023-08-09T01:41:09 EDT" duration-ms="724" status="PASS">
          <params>
            <param index="0">
              <value>
                <![CDATA["User on login page and login with invalid and valid inputs from Excel "SignIn" and 5"]]>
              </value>
            </param>
            <param index="1">
              <value>
                <![CDATA["User Validates the Signin page in DS Algo"]]>
              </value>
            </param>
          </params>
          <reporter-output>
          </reporter-output>
        </test-method> <!-- runScenario -->
        <test-method signature="runScenario(io.cucumber.testng.PickleWrapper,io.cucumber.testng.FeatureWrapper)[pri:0, instance:runner.TestRunner@7d9f158f]" started-at="2023-08-09T01:41:09 EDT" name="runScenario" description="Runs Cucumber Scenarios" data-provider="scenarios" finished-at="2023-08-09T01:41:09 EDT" duration-ms="194" status="PASS">
          <params>
            <param index="0">
              <value>
                <![CDATA["Verifying signout link"]]>
              </value>
            </param>
            <param index="1">
              <value>
                <![CDATA["User Validates the Signin page in DS Algo"]]>
              </value>
            </param>
          </params>
          <reporter-output>
          </reporter-output>
        </test-method> <!-- runScenario -->
        <test-method signature="runScenario(io.cucumber.testng.PickleWrapper,io.cucumber.testng.FeatureWrapper)[pri:0, instance:runner.TestRunner@7d9f158f]" started-at="2023-08-09T01:41:09 EDT" name="runScenario" description="Runs Cucumber Scenarios" data-provider="scenarios" finished-at="2023-08-09T01:41:10 EDT" duration-ms="712" status="PASS">
          <params>
            <param index="0">
              <value>
                <![CDATA["The user is logged in to DS Algo portal"]]>
              </value>
            </param>
            <param index="1">
              <value>
                <![CDATA["User Validates the Data Structures module in DS Algo"]]>
              </value>
            </param>
          </params>
          <reporter-output>
          </reporter-output>
        </test-method> <!-- runScenario -->
        <test-method signature="runScenario(io.cucumber.testng.PickleWrapper,io.cucumber.testng.FeatureWrapper)[pri:0, instance:runner.TestRunner@7d9f158f]" started-at="2023-08-09T01:41:10 EDT" name="runScenario" description="Runs Cucumber Scenarios" data-provider="scenarios" finished-at="2023-08-09T01:41:10 EDT" duration-ms="229" status="PASS">
          <params>
            <param index="0">
              <value>
                <![CDATA["The user is able to navigate to Data Structures introduction page"]]>
              </value>
            </param>
            <param index="1">
              <value>
                <![CDATA["User Validates the Data Structures module in DS Algo"]]>
              </value>
            </param>
          </params>
          <reporter-output>
          </reporter-output>
        </test-method> <!-- runScenario -->
        <test-method signature="runScenario(io.cucumber.testng.PickleWrapper,io.cucumber.testng.FeatureWrapper)[pri:0, instance:runner.TestRunner@7d9f158f]" started-at="2023-08-09T01:41:10 EDT" name="runScenario" description="Runs Cucumber Scenarios" data-provider="scenarios" finished-at="2023-08-09T01:41:10 EDT" duration-ms="216" status="PASS">
          <params>
            <param index="0">
              <value>
                <![CDATA["The user is able to navigate to Time Complexity page"]]>
              </value>
            </param>
            <param index="1">
              <value>
                <![CDATA["User Validates the Data Structures module in DS Algo"]]>
              </value>
            </param>
          </params>
          <reporter-output>
          </reporter-output>
        </test-method> <!-- runScenario -->
        <test-method signature="runScenario(io.cucumber.testng.PickleWrapper,io.cucumber.testng.FeatureWrapper)[pri:0, instance:runner.TestRunner@7d9f158f]" started-at="2023-08-09T01:41:10 EDT" name="runScenario" description="Runs Cucumber Scenarios" data-provider="scenarios" finished-at="2023-08-09T01:41:11 EDT" duration-ms="737" status="PASS">
          <params>
            <param index="0">
              <value>
                <![CDATA["The user is able to navigate to a page having tryEditor from Time Complexity page"]]>
              </value>
            </param>
            <param index="1">
              <value>
                <![CDATA["User Validates the Data Structures module in DS Algo"]]>
              </value>
            </param>
          </params>
          <reporter-output>
          </reporter-output>
        </test-method> <!-- runScenario -->
        <test-method signature="runScenario(io.cucumber.testng.PickleWrapper,io.cucumber.testng.FeatureWrapper)[pri:0, instance:runner.TestRunner@7d9f158f]" started-at="2023-08-09T01:41:11 EDT" name="runScenario" description="Runs Cucumber Scenarios" data-provider="scenarios" finished-at="2023-08-09T01:41:12 EDT" duration-ms="909" status="PASS">
          <params>
            <param index="0">
              <value>
                <![CDATA["The user is able to run code in tryEditor for Time Complexity page"]]>
              </value>
            </param>
            <param index="1">
              <value>
                <![CDATA["User Validates the Data Structures module in DS Algo"]]>
              </value>
            </param>
          </params>
          <reporter-output>
          </reporter-output>
        </test-method> <!-- runScenario -->
        <test-method signature="runScenario(io.cucumber.testng.PickleWrapper,io.cucumber.testng.FeatureWrapper)[pri:0, instance:runner.TestRunner@7d9f158f]" started-at="2023-08-09T01:41:12 EDT" name="runScenario" description="Runs Cucumber Scenarios" data-provider="scenarios" finished-at="2023-08-09T01:41:13 EDT" duration-ms="776" status="PASS">
          <params>
            <param index="0">
              <value>
                <![CDATA["The user is presented with error message for code with invalid syntax in tryEditor for Time Complexity page"]]>
              </value>
            </param>
            <param index="1">
              <value>
                <![CDATA["User Validates the Data Structures module in DS Algo"]]>
              </value>
            </param>
          </params>
          <reporter-output>
          </reporter-output>
        </test-method> <!-- runScenario -->
        <test-method signature="runScenario(io.cucumber.testng.PickleWrapper,io.cucumber.testng.FeatureWrapper)[pri:0, instance:runner.TestRunner@7d9f158f]" started-at="2023-08-09T01:41:13 EDT" name="runScenario" description="Runs Cucumber Scenarios" data-provider="scenarios" finished-at="2023-08-09T01:41:13 EDT" duration-ms="875" status="PASS">
          <params>
            <param index="0">
              <value>
                <![CDATA["The user is logged in to DS Algo portal"]]>
              </value>
            </param>
            <param index="1">
              <value>
                <![CDATA["User launch DSAlgo application and test Array page"]]>
              </value>
            </param>
          </params>
          <reporter-output>
          </reporter-output>
        </test-method> <!-- runScenario -->
        <test-method signature="runScenario(io.cucumber.testng.PickleWrapper,io.cucumber.testng.FeatureWrapper)[pri:0, instance:runner.TestRunner@7d9f158f]" started-at="2023-08-09T01:41:13 EDT" name="runScenario" description="Runs Cucumber Scenarios" data-provider="scenarios" finished-at="2023-08-09T01:41:14 EDT" duration-ms="198" status="PASS">
          <params>
            <param index="0">
              <value>
                <![CDATA["The user is able to navigate to Array page"]]>
              </value>
            </param>
            <param index="1">
              <value>
                <![CDATA["User launch DSAlgo application and test Array page"]]>
              </value>
            </param>
          </params>
          <reporter-output>
          </reporter-output>
        </test-method> <!-- runScenario -->
        <test-method signature="runScenario(io.cucumber.testng.PickleWrapper,io.cucumber.testng.FeatureWrapper)[pri:0, instance:runner.TestRunner@7d9f158f]" started-at="2023-08-09T01:41:14 EDT" name="runScenario" description="Runs Cucumber Scenarios" data-provider="scenarios" finished-at="2023-08-09T01:41:14 EDT" duration-ms="225" status="PASS">
          <params>
            <param index="0">
              <value>
                <![CDATA["The user is able to navigate to Arrays in Python page"]]>
              </value>
            </param>
            <param index="1">
              <value>
                <![CDATA["User launch DSAlgo application and test Array page"]]>
              </value>
            </param>
          </params>
          <reporter-output>
          </reporter-output>
        </test-method> <!-- runScenario -->
        <test-method signature="runScenario(io.cucumber.testng.PickleWrapper,io.cucumber.testng.FeatureWrapper)[pri:0, instance:runner.TestRunner@7d9f158f]" started-at="2023-08-09T01:41:14 EDT" name="runScenario" description="Runs Cucumber Scenarios" data-provider="scenarios" finished-at="2023-08-09T01:41:14 EDT" duration-ms="221" status="PASS">
          <params>
            <param index="0">
              <value>
                <![CDATA["The user is able to navigate to a page having an tryEditor from Arrays in Python page"]]>
              </value>
            </param>
            <param index="1">
              <value>
                <![CDATA["User launch DSAlgo application and test Array page"]]>
              </value>
            </param>
          </params>
          <reporter-output>
          </reporter-output>
        </test-method> <!-- runScenario -->
        <test-method signature="runScenario(io.cucumber.testng.PickleWrapper,io.cucumber.testng.FeatureWrapper)[pri:0, instance:runner.TestRunner@7d9f158f]" started-at="2023-08-09T01:41:14 EDT" name="runScenario" description="Runs Cucumber Scenarios" data-provider="scenarios" finished-at="2023-08-09T01:41:15 EDT" duration-ms="919" status="PASS">
          <params>
            <param index="0">
              <value>
                <![CDATA["The user is able run code in tryEditor for Arrays in Python page"]]>
              </value>
            </param>
            <param index="1">
              <value>
                <![CDATA["User launch DSAlgo application and test Array page"]]>
              </value>
            </param>
          </params>
          <reporter-output>
          </reporter-output>
        </test-method> <!-- runScenario -->
        <test-method signature="runScenario(io.cucumber.testng.PickleWrapper,io.cucumber.testng.FeatureWrapper)[pri:0, instance:runner.TestRunner@7d9f158f]" started-at="2023-08-09T01:41:15 EDT" name="runScenario" description="Runs Cucumber Scenarios" data-provider="scenarios" finished-at="2023-08-09T01:41:16 EDT" duration-ms="682" status="PASS">
          <params>
            <param index="0">
              <value>
                <![CDATA["The user is presented with error message for code with invalid syntax in tryEditor for Arrays in Python page"]]>
              </value>
            </param>
            <param index="1">
              <value>
                <![CDATA["User launch DSAlgo application and test Array page"]]>
              </value>
            </param>
          </params>
          <reporter-output>
          </reporter-output>
        </test-method> <!-- runScenario -->
        <test-method signature="runScenario(io.cucumber.testng.PickleWrapper,io.cucumber.testng.FeatureWrapper)[pri:0, instance:runner.TestRunner@7d9f158f]" started-at="2023-08-09T01:41:16 EDT" name="runScenario" description="Runs Cucumber Scenarios" data-provider="scenarios" finished-at="2023-08-09T01:41:16 EDT" duration-ms="476" status="PASS">
          <params>
            <param index="0">
              <value>
                <![CDATA["The user is able to navigate to "Arrays" Data Structure Page"]]>
              </value>
            </param>
            <param index="1">
              <value>
                <![CDATA["User launch DSAlgo application and test Array page"]]>
              </value>
            </param>
          </params>
          <reporter-output>
          </reporter-output>
        </test-method> <!-- runScenario -->
        <test-method signature="runScenario(io.cucumber.testng.PickleWrapper,io.cucumber.testng.FeatureWrapper)[pri:0, instance:runner.TestRunner@7d9f158f]" started-at="2023-08-09T01:41:16 EDT" name="runScenario" description="Runs Cucumber Scenarios" data-provider="scenarios" finished-at="2023-08-09T01:41:16 EDT" duration-ms="213" status="PASS">
          <params>
            <param index="0">
              <value>
                <![CDATA["The user is able to navigate to Arrays Using List page"]]>
              </value>
            </param>
            <param index="1">
              <value>
                <![CDATA["User launch DSAlgo application and test Array page"]]>
              </value>
            </param>
          </params>
          <reporter-output>
          </reporter-output>
        </test-method> <!-- runScenario -->
        <test-method signature="runScenario(io.cucumber.testng.PickleWrapper,io.cucumber.testng.FeatureWrapper)[pri:0, instance:runner.TestRunner@7d9f158f]" started-at="2023-08-09T01:41:16 EDT" name="runScenario" description="Runs Cucumber Scenarios" data-provider="scenarios" finished-at="2023-08-09T01:41:17 EDT" duration-ms="237" status="PASS">
          <params>
            <param index="0">
              <value>
                <![CDATA["The user is able to navigate to a page having an tryEditor from Arrays Using List page"]]>
              </value>
            </param>
            <param index="1">
              <value>
                <![CDATA["User launch DSAlgo application and test Array page"]]>
              </value>
            </param>
          </params>
          <reporter-output>
          </reporter-output>
        </test-method> <!-- runScenario -->
        <test-method signature="runScenario(io.cucumber.testng.PickleWrapper,io.cucumber.testng.FeatureWrapper)[pri:0, instance:runner.TestRunner@7d9f158f]" started-at="2023-08-09T01:41:17 EDT" name="runScenario" description="Runs Cucumber Scenarios" data-provider="scenarios" finished-at="2023-08-09T01:41:18 EDT" duration-ms="890" status="PASS">
          <params>
            <param index="0">
              <value>
                <![CDATA["The user is able run code in tryEditor for Arrays Using List page"]]>
              </value>
            </param>
            <param index="1">
              <value>
                <![CDATA["User launch DSAlgo application and test Array page"]]>
              </value>
            </param>
          </params>
          <reporter-output>
          </reporter-output>
        </test-method> <!-- runScenario -->
        <test-method signature="runScenario(io.cucumber.testng.PickleWrapper,io.cucumber.testng.FeatureWrapper)[pri:0, instance:runner.TestRunner@7d9f158f]" started-at="2023-08-09T01:41:18 EDT" name="runScenario" description="Runs Cucumber Scenarios" data-provider="scenarios" finished-at="2023-08-09T01:41:18 EDT" duration-ms="694" status="PASS">
          <params>
            <param index="0">
              <value>
                <![CDATA["The user is presented with error message for code with invalid syntax in tryEditor for Arrays Using List page"]]>
              </value>
            </param>
            <param index="1">
              <value>
                <![CDATA["User launch DSAlgo application and test Array page"]]>
              </value>
            </param>
          </params>
          <reporter-output>
          </reporter-output>
        </test-method> <!-- runScenario -->
        <test-method signature="runScenario(io.cucumber.testng.PickleWrapper,io.cucumber.testng.FeatureWrapper)[pri:0, instance:runner.TestRunner@7d9f158f]" started-at="2023-08-09T01:41:18 EDT" name="runScenario" description="Runs Cucumber Scenarios" data-provider="scenarios" finished-at="2023-08-09T01:41:19 EDT" duration-ms="434" status="PASS">
          <params>
            <param index="0">
              <value>
                <![CDATA["The user is able to navigate to "Arrays" Data Structure Page"]]>
              </value>
            </param>
            <param index="1">
              <value>
                <![CDATA["User launch DSAlgo application and test Array page"]]>
              </value>
            </param>
          </params>
          <reporter-output>
          </reporter-output>
        </test-method> <!-- runScenario -->
        <test-method signature="runScenario(io.cucumber.testng.PickleWrapper,io.cucumber.testng.FeatureWrapper)[pri:0, instance:runner.TestRunner@7d9f158f]" started-at="2023-08-09T01:41:19 EDT" name="runScenario" description="Runs Cucumber Scenarios" data-provider="scenarios" finished-at="2023-08-09T01:41:19 EDT" duration-ms="200" status="PASS">
          <params>
            <param index="0">
              <value>
                <![CDATA["The user is able to navigate to Basic Operations in Lists page"]]>
              </value>
            </param>
            <param index="1">
              <value>
                <![CDATA["User launch DSAlgo application and test Array page"]]>
              </value>
            </param>
          </params>
          <reporter-output>
          </reporter-output>
        </test-method> <!-- runScenario -->
        <test-method signature="runScenario(io.cucumber.testng.PickleWrapper,io.cucumber.testng.FeatureWrapper)[pri:0, instance:runner.TestRunner@7d9f158f]" started-at="2023-08-09T01:41:19 EDT" name="runScenario" description="Runs Cucumber Scenarios" data-provider="scenarios" finished-at="2023-08-09T01:41:19 EDT" duration-ms="212" status="PASS">
          <params>
            <param index="0">
              <value>
                <![CDATA["The user is able to navigate to a page having an tryEditor from Basic Operations in Lists page"]]>
              </value>
            </param>
            <param index="1">
              <value>
                <![CDATA["User launch DSAlgo application and test Array page"]]>
              </value>
            </param>
          </params>
          <reporter-output>
          </reporter-output>
        </test-method> <!-- runScenario -->
        <test-method signature="runScenario(io.cucumber.testng.PickleWrapper,io.cucumber.testng.FeatureWrapper)[pri:0, instance:runner.TestRunner@7d9f158f]" started-at="2023-08-09T01:41:19 EDT" name="runScenario" description="Runs Cucumber Scenarios" data-provider="scenarios" finished-at="2023-08-09T01:41:20 EDT" duration-ms="1146" status="PASS">
          <params>
            <param index="0">
              <value>
                <![CDATA["The user is able run code in tryEditor for Basic Operations in Lists page"]]>
              </value>
            </param>
            <param index="1">
              <value>
                <![CDATA["User launch DSAlgo application and test Array page"]]>
              </value>
            </param>
          </params>
          <reporter-output>
          </reporter-output>
        </test-method> <!-- runScenario -->
        <test-method signature="runScenario(io.cucumber.testng.PickleWrapper,io.cucumber.testng.FeatureWrapper)[pri:0, instance:runner.TestRunner@7d9f158f]" started-at="2023-08-09T01:41:20 EDT" name="runScenario" description="Runs Cucumber Scenarios" data-provider="scenarios" finished-at="2023-08-09T01:41:21 EDT" duration-ms="739" status="PASS">
          <params>
            <param index="0">
              <value>
                <![CDATA["The user is presented with error message for code with invalid syntax in tryEditor for Basic Operations in Lists page"]]>
              </value>
            </param>
            <param index="1">
              <value>
                <![CDATA["User launch DSAlgo application and test Array page"]]>
              </value>
            </param>
          </params>
          <reporter-output>
          </reporter-output>
        </test-method> <!-- runScenario -->
        <test-method signature="runScenario(io.cucumber.testng.PickleWrapper,io.cucumber.testng.FeatureWrapper)[pri:0, instance:runner.TestRunner@7d9f158f]" started-at="2023-08-09T01:41:21 EDT" name="runScenario" description="Runs Cucumber Scenarios" data-provider="scenarios" finished-at="2023-08-09T01:41:22 EDT" duration-ms="429" status="PASS">
          <params>
            <param index="0">
              <value>
                <![CDATA["The user is able to navigate to "Arrays" Data Structure Page"]]>
              </value>
            </param>
            <param index="1">
              <value>
                <![CDATA["User launch DSAlgo application and test Array page"]]>
              </value>
            </param>
          </params>
          <reporter-output>
          </reporter-output>
        </test-method> <!-- runScenario -->
        <test-method signature="runScenario(io.cucumber.testng.PickleWrapper,io.cucumber.testng.FeatureWrapper)[pri:0, instance:runner.TestRunner@7d9f158f]" started-at="2023-08-09T01:41:22 EDT" name="runScenario" description="Runs Cucumber Scenarios" data-provider="scenarios" finished-at="2023-08-09T01:41:22 EDT" duration-ms="233" status="PASS">
          <params>
            <param index="0">
              <value>
                <![CDATA["The user is able to navigate to Applications of Array page"]]>
              </value>
            </param>
            <param index="1">
              <value>
                <![CDATA["User launch DSAlgo application and test Array page"]]>
              </value>
            </param>
          </params>
          <reporter-output>
          </reporter-output>
        </test-method> <!-- runScenario -->
        <test-method signature="runScenario(io.cucumber.testng.PickleWrapper,io.cucumber.testng.FeatureWrapper)[pri:0, instance:runner.TestRunner@7d9f158f]" started-at="2023-08-09T01:41:22 EDT" name="runScenario" description="Runs Cucumber Scenarios" data-provider="scenarios" finished-at="2023-08-09T01:41:22 EDT" duration-ms="251" status="PASS">
          <params>
            <param index="0">
              <value>
                <![CDATA["The user is able to navigate to a page having an tryEditor from Applications of Array page"]]>
              </value>
            </param>
            <param index="1">
              <value>
                <![CDATA["User launch DSAlgo application and test Array page"]]>
              </value>
            </param>
          </params>
          <reporter-output>
          </reporter-output>
        </test-method> <!-- runScenario -->
        <test-method signature="runScenario(io.cucumber.testng.PickleWrapper,io.cucumber.testng.FeatureWrapper)[pri:0, instance:runner.TestRunner@7d9f158f]" started-at="2023-08-09T01:41:22 EDT" name="runScenario" description="Runs Cucumber Scenarios" data-provider="scenarios" finished-at="2023-08-09T01:41:23 EDT" duration-ms="927" status="PASS">
          <params>
            <param index="0">
              <value>
                <![CDATA["The user is able run code in tryEditor for Applications of Array page"]]>
              </value>
            </param>
            <param index="1">
              <value>
                <![CDATA["User launch DSAlgo application and test Array page"]]>
              </value>
            </param>
          </params>
          <reporter-output>
          </reporter-output>
        </test-method> <!-- runScenario -->
        <test-method signature="runScenario(io.cucumber.testng.PickleWrapper,io.cucumber.testng.FeatureWrapper)[pri:0, instance:runner.TestRunner@7d9f158f]" started-at="2023-08-09T01:41:23 EDT" name="runScenario" description="Runs Cucumber Scenarios" data-provider="scenarios" finished-at="2023-08-09T01:41:24 EDT" duration-ms="815" status="PASS">
          <params>
            <param index="0">
              <value>
                <![CDATA["The user is presented with error message for code with invalid syntax in tryEditor for Applications of Array page"]]>
              </value>
            </param>
            <param index="1">
              <value>
                <![CDATA["User launch DSAlgo application and test Array page"]]>
              </value>
            </param>
          </params>
          <reporter-output>
          </reporter-output>
        </test-method> <!-- runScenario -->
        <test-method signature="runScenario(io.cucumber.testng.PickleWrapper,io.cucumber.testng.FeatureWrapper)[pri:0, instance:runner.TestRunner@7d9f158f]" started-at="2023-08-09T01:41:24 EDT" name="runScenario" description="Runs Cucumber Scenarios" data-provider="scenarios" finished-at="2023-08-09T01:41:24 EDT" duration-ms="64" status="PASS">
          <params>
            <param index="0">
              <value>
                <![CDATA["The user clicks back to navigate to Applications of Array page"]]>
              </value>
            </param>
            <param index="1">
              <value>
                <![CDATA["User launch DSAlgo application and test Array page"]]>
              </value>
            </param>
          </params>
          <reporter-output>
          </reporter-output>
        </test-method> <!-- runScenario -->
        <test-method signature="runScenario(io.cucumber.testng.PickleWrapper,io.cucumber.testng.FeatureWrapper)[pri:0, instance:runner.TestRunner@7d9f158f]" started-at="2023-08-09T01:41:24 EDT" name="runScenario" description="Runs Cucumber Scenarios" data-provider="scenarios" finished-at="2023-08-09T01:41:24 EDT" duration-ms="200" status="PASS">
          <params>
            <param index="0">
              <value>
                <![CDATA["The user is able to navigate to Practice Questions page"]]>
              </value>
            </param>
            <param index="1">
              <value>
                <![CDATA["User launch DSAlgo application and test Array page"]]>
              </value>
            </param>
          </params>
          <reporter-output>
          </reporter-output>
        </test-method> <!-- runScenario -->
        <test-method signature="runScenario(io.cucumber.testng.PickleWrapper,io.cucumber.testng.FeatureWrapper)[pri:0, instance:runner.TestRunner@7d9f158f]" started-at="2023-08-09T01:41:24 EDT" name="runScenario" description="Runs Cucumber Scenarios" data-provider="scenarios" finished-at="2023-08-09T01:41:24 EDT" duration-ms="252" status="PASS">
          <params>
            <param index="0">
              <value>
                <![CDATA["The user is able to navigate to Question page from Search the array link"]]>
              </value>
            </param>
            <param index="1">
              <value>
                <![CDATA["User launch DSAlgo application and test Array page"]]>
              </value>
            </param>
          </params>
          <reporter-output>
          </reporter-output>
        </test-method> <!-- runScenario -->
        <test-method signature="runScenario(io.cucumber.testng.PickleWrapper,io.cucumber.testng.FeatureWrapper)[pri:0, instance:runner.TestRunner@7d9f158f]" started-at="2023-08-09T01:41:24 EDT" name="runScenario" description="Runs Cucumber Scenarios" data-provider="scenarios" finished-at="2023-08-09T01:41:25 EDT" duration-ms="851" status="PASS">
          <params>
            <param index="0">
              <value>
                <![CDATA["The user is able run code in tryEditor for Search the array page"]]>
              </value>
            </param>
            <param index="1">
              <value>
                <![CDATA["User launch DSAlgo application and test Array page"]]>
              </value>
            </param>
          </params>
          <reporter-output>
          </reporter-output>
        </test-method> <!-- runScenario -->
        <test-method signature="runScenario(io.cucumber.testng.PickleWrapper,io.cucumber.testng.FeatureWrapper)[pri:0, instance:runner.TestRunner@7d9f158f]" started-at="2023-08-09T01:41:25 EDT" name="runScenario" description="Runs Cucumber Scenarios" data-provider="scenarios" finished-at="2023-08-09T01:41:26 EDT" duration-ms="744" status="PASS">
          <params>
            <param index="0">
              <value>
                <![CDATA["The user is presented with error message for code with invalid syntax in tryEditor for Search the array link"]]>
              </value>
            </param>
            <param index="1">
              <value>
                <![CDATA["User launch DSAlgo application and test Array page"]]>
              </value>
            </param>
          </params>
          <reporter-output>
          </reporter-output>
        </test-method> <!-- runScenario -->
        <test-method signature="runScenario(io.cucumber.testng.PickleWrapper,io.cucumber.testng.FeatureWrapper)[pri:0, instance:runner.TestRunner@7d9f158f]" started-at="2023-08-09T01:41:26 EDT" name="runScenario" description="Runs Cucumber Scenarios" data-provider="scenarios" finished-at="2023-08-09T01:41:27 EDT" duration-ms="1523" status="FAIL">
          <params>
            <param index="0">
              <value>
                <![CDATA["The user is able to submit code in tryEditor for Search the array link"]]>
              </value>
            </param>
            <param index="1">
              <value>
                <![CDATA["User launch DSAlgo application and test Array page"]]>
              </value>
            </param>
          </params>
          <exception class="java.lang.AssertionError">
            <message>
              <![CDATA[Result do not match expected [Submission Successful] but found [Error occurred during submission]]]>
            </message>
            <full-stacktrace>
              <![CDATA[java.lang.AssertionError: Result do not match expected [Submission Successful] but found [Error occurred during submission]
at org.testng.Assert.fail(Assert.java:111)
at org.testng.Assert.failNotEquals(Assert.java:1578)
at org.testng.Assert.assertEqualsImpl(Assert.java:150)
at org.testng.Assert.assertEquals(Assert.java:132)
at org.testng.Assert.assertEquals(Assert.java:656)
at stepDefinitions.ArraySD.the_user_should_be_presented_with_successful_submission_message(ArraySD.java:166)
at ✽.The user should be presented with successful submission message(file:///D:/Ancy/Java/DSAlgo/DSAlgo/src/test/resources/features/5_Array.feature:237)
]]>
            </full-stacktrace>
          </exception> <!-- java.lang.AssertionError -->
          <reporter-output>
          </reporter-output>
        </test-method> <!-- runScenario -->
        <test-method signature="runScenario(io.cucumber.testng.PickleWrapper,io.cucumber.testng.FeatureWrapper)[pri:0, instance:runner.TestRunner@7d9f158f]" started-at="2023-08-09T01:41:27 EDT" name="runScenario" description="Runs Cucumber Scenarios" data-provider="scenarios" finished-at="2023-08-09T01:41:28 EDT" duration-ms="57" status="PASS">
          <params>
            <param index="0">
              <value>
                <![CDATA["The user clicks back to navigate to Practice Questions page"]]>
              </value>
            </param>
            <param index="1">
[...]
          <params>
            <param index="0">
              <value>
                <![CDATA["The user is able to navigate to a page having an tryEditor"]]>
              </value>
            </param>
            <param index="1">
              <value>
                <![CDATA["User Validates the Tree module in DS Algo"]]>
              </value>
            </param>
          </params>
          <reporter-output>
          </reporter-output>
        </test-method> <!-- runScenario -->
        <test-method signature="runScenario(io.cucumber.testng.PickleWrapper,io.cucumber.testng.FeatureWrapper)[pri:0, instance:runner.TestRunner@7d9f158f]" started-at="2023-08-09T01:42:32 EDT" name="runScenario" description="Runs Cucumber Scenarios" data-provider="scenarios" finished-at="2023-08-09T01:42:33 EDT" duration-ms="690" status="PASS">
          <params>
            <param index="0">
              <value>
                <![CDATA["The user run the code in tryEditor with the valid input"]]>
              </value>
            </param>
            <param index="1">
              <value>
                <![CDATA["User Validates the Tree module in DS Algo"]]>
              </value>
            </param>
          </params>
          <reporter-output>
          </reporter-output>
        </test-method> <!-- runScenario -->
        <test-method signature="runScenario(io.cucumber.testng.PickleWrapper,io.cucumber.testng.FeatureWrapper)[pri:0, instance:runner.TestRunner@7d9f158f]" started-at="2023-08-09T01:42:33 EDT" name="runScenario" description="Runs Cucumber Scenarios" data-provider="scenarios" finished-at="2023-08-09T01:42:33 EDT" duration-ms="537" status="PASS">
          <params>
            <param index="0">
              <value>
                <![CDATA["The user is presented with error message for code with the invalid syntax in tryEditor"]]>
              </value>
            </param>
            <param index="1">
              <value>
                <![CDATA["User Validates the Tree module in DS Algo"]]>
              </value>
            </param>
          </params>
          <reporter-output>
          </reporter-output>
        </test-method> <!-- runScenario -->
        <test-method signature="runScenario(io.cucumber.testng.PickleWrapper,io.cucumber.testng.FeatureWrapper)[pri:0, instance:runner.TestRunner@7d9f158f]" started-at="2023-08-09T01:42:33 EDT" name="runScenario" description="Runs Cucumber Scenarios" data-provider="scenarios" finished-at="2023-08-09T01:42:33 EDT" duration-ms="59" status="PASS">
          <params>
            <param index="0">
              <value>
                <![CDATA["User navigated to Binary Search Trees page"]]>
              </value>
            </param>
            <param index="1">
              <value>
                <![CDATA["User Validates the Tree module in DS Algo"]]>
              </value>
            </param>
          </params>
          <reporter-output>
          </reporter-output>
        </test-method> <!-- runScenario -->
        <test-method signature="runScenario(io.cucumber.testng.PickleWrapper,io.cucumber.testng.FeatureWrapper)[pri:0, instance:runner.TestRunner@7d9f158f]" started-at="2023-08-09T01:42:33 EDT" name="runScenario" description="Runs Cucumber Scenarios" data-provider="scenarios" finished-at="2023-08-09T01:42:33 EDT" duration-ms="222" status="PASS">
          <params>
            <param index="0">
              <value>
                <![CDATA["User navigated to Binary Search Trees page"]]>
              </value>
            </param>
            <param index="1">
              <value>
                <![CDATA["User Validates the Tree module in DS Algo"]]>
              </value>
            </param>
          </params>
          <reporter-output>
          </reporter-output>
        </test-method> <!-- runScenario -->
        <test-method signature="runScenario(io.cucumber.testng.PickleWrapper,io.cucumber.testng.FeatureWrapper)[pri:0, instance:runner.TestRunner@7d9f158f]" started-at="2023-08-09T01:42:33 EDT" name="runScenario" description="Runs Cucumber Scenarios" data-provider="scenarios" finished-at="2023-08-09T01:42:34 EDT" duration-ms="270" status="PASS">
          <params>
            <param index="0">
              <value>
                <![CDATA["The user is able to navigate to a page having an tryEditor"]]>
              </value>
            </param>
            <param index="1">
              <value>
                <![CDATA["User Validates the Tree module in DS Algo"]]>
              </value>
            </param>
          </params>
          <reporter-output>
          </reporter-output>
        </test-method> <!-- runScenario -->
        <test-method signature="runScenario(io.cucumber.testng.PickleWrapper,io.cucumber.testng.FeatureWrapper)[pri:0, instance:runner.TestRunner@7d9f158f]" started-at="2023-08-09T01:42:34 EDT" name="runScenario" description="Runs Cucumber Scenarios" data-provider="scenarios" finished-at="2023-08-09T01:42:34 EDT" duration-ms="738" status="PASS">
          <params>
            <param index="0">
              <value>
                <![CDATA["The user run the code in tryEditor with the valid input"]]>
              </value>
            </param>
            <param index="1">
              <value>
                <![CDATA["User Validates the Tree module in DS Algo"]]>
              </value>
            </param>
          </params>
          <reporter-output>
          </reporter-output>
        </test-method> <!-- runScenario -->
        <test-method signature="runScenario(io.cucumber.testng.PickleWrapper,io.cucumber.testng.FeatureWrapper)[pri:0, instance:runner.TestRunner@7d9f158f]" started-at="2023-08-09T01:42:35 EDT" name="runScenario" description="Runs Cucumber Scenarios" data-provider="scenarios" finished-at="2023-08-09T01:42:35 EDT" duration-ms="542" status="PASS">
          <params>
            <param index="0">
              <value>
                <![CDATA["The user is presented with error message for code with the invalid syntax in tryEditor"]]>
              </value>
            </param>
            <param index="1">
              <value>
                <![CDATA["User Validates the Tree module in DS Algo"]]>
              </value>
            </param>
          </params>
          <reporter-output>
          </reporter-output>
        </test-method> <!-- runScenario -->
        <test-method signature="runScenario(io.cucumber.testng.PickleWrapper,io.cucumber.testng.FeatureWrapper)[pri:0, instance:runner.TestRunner@7d9f158f]" started-at="2023-08-09T01:42:35 EDT" name="runScenario" description="Runs Cucumber Scenarios" data-provider="scenarios" finished-at="2023-08-09T01:42:35 EDT" duration-ms="50" status="PASS">
          <params>
            <param index="0">
              <value>
                <![CDATA["User navigated to Implementation Of BST page"]]>
              </value>
            </param>
            <param index="1">
              <value>
                <![CDATA["User Validates the Tree module in DS Algo"]]>
              </value>
            </param>
          </params>
          <reporter-output>
          </reporter-output>
        </test-method> <!-- runScenario -->
        <test-method signature="runScenario(io.cucumber.testng.PickleWrapper,io.cucumber.testng.FeatureWrapper)[pri:0, instance:runner.TestRunner@7d9f158f]" started-at="2023-08-09T01:42:35 EDT" name="runScenario" description="Runs Cucumber Scenarios" data-provider="scenarios" finished-at="2023-08-09T01:42:35 EDT" duration-ms="199" status="PASS">
          <params>
            <param index="0">
              <value>
                <![CDATA["User navigated to Practice Questions page"]]>
              </value>
            </param>
            <param index="1">
              <value>
                <![CDATA["User Validates the Tree module in DS Algo"]]>
              </value>
            </param>
          </params>
          <reporter-output>
          </reporter-output>
        </test-method> <!-- runScenario -->
        <test-method signature="runScenario(io.cucumber.testng.PickleWrapper,io.cucumber.testng.FeatureWrapper)[pri:0, instance:runner.TestRunner@7d9f158f]" started-at="2023-08-09T01:42:35 EDT" name="runScenario" description="Runs Cucumber Scenarios" data-provider="scenarios" finished-at="2023-08-09T01:42:36 EDT" duration-ms="780" status="PASS">
          <params>
            <param index="0">
              <value>
                <![CDATA["The user redirected to homepage"]]>
              </value>
            </param>
            <param index="1">
              <value>
                <![CDATA["User Validates the Graph module in DS Algo"]]>
              </value>
            </param>
          </params>
          <reporter-output>
          </reporter-output>
        </test-method> <!-- runScenario -->
        <test-method signature="runScenario(io.cucumber.testng.PickleWrapper,io.cucumber.testng.FeatureWrapper)[pri:0, instance:runner.TestRunner@7d9f158f]" started-at="2023-08-09T01:42:36 EDT" name="runScenario" description="Runs Cucumber Scenarios" data-provider="scenarios" finished-at="2023-08-09T01:42:36 EDT" duration-ms="253" status="PASS">
          <params>
            <param index="0">
              <value>
                <![CDATA["User navigated to Graph page"]]>
              </value>
            </param>
            <param index="1">
              <value>
                <![CDATA["User Validates the Graph module in DS Algo"]]>
              </value>
            </param>
          </params>
          <reporter-output>
          </reporter-output>
        </test-method> <!-- runScenario -->
        <test-method signature="runScenario(io.cucumber.testng.PickleWrapper,io.cucumber.testng.FeatureWrapper)[pri:0, instance:runner.TestRunner@7d9f158f]" started-at="2023-08-09T01:42:36 EDT" name="runScenario" description="Runs Cucumber Scenarios" data-provider="scenarios" finished-at="2023-08-09T01:42:37 EDT" duration-ms="218" status="PASS">
          <params>
            <param index="0">
              <value>
                <![CDATA["The user is able to navigate to "Graph" page"]]>
              </value>
            </param>
            <param index="1">
              <value>
                <![CDATA["User Validates the Graph module in DS Algo"]]>
              </value>
            </param>
          </params>
          <reporter-output>
          </reporter-output>
        </test-method> <!-- runScenario -->
        <test-method signature="runScenario(io.cucumber.testng.PickleWrapper,io.cucumber.testng.FeatureWrapper)[pri:0, instance:runner.TestRunner@7d9f158f]" started-at="2023-08-09T01:42:37 EDT" name="runScenario" description="Runs Cucumber Scenarios" data-provider="scenarios" finished-at="2023-08-09T01:42:37 EDT" duration-ms="229" status="PASS">
          <params>
            <param index="0">
              <value>
                <![CDATA["The user is able to navigate to a page having an tryEditor"]]>
              </value>
            </param>
            <param index="1">
              <value>
                <![CDATA["User Validates the Graph module in DS Algo"]]>
              </value>
            </param>
          </params>
          <reporter-output>
          </reporter-output>
        </test-method> <!-- runScenario -->
        <test-method signature="runScenario(io.cucumber.testng.PickleWrapper,io.cucumber.testng.FeatureWrapper)[pri:0, instance:runner.TestRunner@7d9f158f]" started-at="2023-08-09T01:42:37 EDT" name="runScenario" description="Runs Cucumber Scenarios" data-provider="scenarios" finished-at="2023-08-09T01:42:37 EDT" duration-ms="624" status="PASS">
          <params>
            <param index="0">
              <value>
                <![CDATA["The user run the code in tryEditor with the valid input"]]>
              </value>
            </param>
            <param index="1">
              <value>
                <![CDATA["User Validates the Graph module in DS Algo"]]>
              </value>
            </param>
          </params>
          <reporter-output>
          </reporter-output>
        </test-method> <!-- runScenario -->
        <test-method signature="runScenario(io.cucumber.testng.PickleWrapper,io.cucumber.testng.FeatureWrapper)[pri:0, instance:runner.TestRunner@7d9f158f]" started-at="2023-08-09T01:42:37 EDT" name="runScenario" description="Runs Cucumber Scenarios" data-provider="scenarios" finished-at="2023-08-09T01:42:38 EDT" duration-ms="536" status="PASS">
          <params>
            <param index="0">
              <value>
                <![CDATA["The user is presented with error message for code with the invalid syntax in tryEditor"]]>
              </value>
            </param>
            <param index="1">
              <value>
                <![CDATA["User Validates the Graph module in DS Algo"]]>
              </value>
            </param>
          </params>
          <reporter-output>
          </reporter-output>
        </test-method> <!-- runScenario -->
        <test-method signature="runScenario(io.cucumber.testng.PickleWrapper,io.cucumber.testng.FeatureWrapper)[pri:0, instance:runner.TestRunner@7d9f158f]" started-at="2023-08-09T01:42:38 EDT" name="runScenario" description="Runs Cucumber Scenarios" data-provider="scenarios" finished-at="2023-08-09T01:42:38 EDT" duration-ms="57" status="PASS">
          <params>
            <param index="0">
              <value>
                <![CDATA["User navigated to Graph page"]]>
              </value>
            </param>
            <param index="1">
              <value>
                <![CDATA["User Validates the Graph module in DS Algo"]]>
              </value>
            </param>
          </params>
          <reporter-output>
          </reporter-output>
        </test-method> <!-- runScenario -->
        <test-method signature="runScenario(io.cucumber.testng.PickleWrapper,io.cucumber.testng.FeatureWrapper)[pri:0, instance:runner.TestRunner@7d9f158f]" started-at="2023-08-09T01:42:38 EDT" name="runScenario" description="Runs Cucumber Scenarios" data-provider="scenarios" finished-at="2023-08-09T01:42:38 EDT" duration-ms="206" status="PASS">
          <params>
            <param index="0">
              <value>
                <![CDATA["User navigated to Graph Representations page"]]>
              </value>
            </param>
            <param index="1">
              <value>
                <![CDATA["User Validates the Graph module in DS Algo"]]>
              </value>
            </param>
          </params>
          <reporter-output>
          </reporter-output>
        </test-method> <!-- runScenario -->
        <test-method signature="runScenario(io.cucumber.testng.PickleWrapper,io.cucumber.testng.FeatureWrapper)[pri:0, instance:runner.TestRunner@7d9f158f]" started-at="2023-08-09T01:42:38 EDT" name="runScenario" description="Runs Cucumber Scenarios" data-provider="scenarios" finished-at="2023-08-09T01:42:39 EDT" duration-ms="213" status="PASS">
          <params>
            <param index="0">
              <value>
                <![CDATA["The user is able to navigate to a page having an tryEditor"]]>
              </value>
            </param>
            <param index="1">
              <value>
                <![CDATA["User Validates the Graph module in DS Algo"]]>
              </value>
            </param>
          </params>
          <reporter-output>
          </reporter-output>
        </test-method> <!-- runScenario -->
        <test-method signature="runScenario(io.cucumber.testng.PickleWrapper,io.cucumber.testng.FeatureWrapper)[pri:0, instance:runner.TestRunner@7d9f158f]" started-at="2023-08-09T01:42:39 EDT" name="runScenario" description="Runs Cucumber Scenarios" data-provider="scenarios" finished-at="2023-08-09T01:42:39 EDT" duration-ms="672" status="PASS">
          <params>
            <param index="0">
              <value>
                <![CDATA["The user run the code in tryEditor with the valid input"]]>
              </value>
            </param>
            <param index="1">
              <value>
                <![CDATA["User Validates the Graph module in DS Algo"]]>
              </value>
            </param>
          </params>
          <reporter-output>
          </reporter-output>
        </test-method> <!-- runScenario -->
        <test-method signature="runScenario(io.cucumber.testng.PickleWrapper,io.cucumber.testng.FeatureWrapper)[pri:0, instance:runner.TestRunner@7d9f158f]" started-at="2023-08-09T01:42:39 EDT" name="runScenario" description="Runs Cucumber Scenarios" data-provider="scenarios" finished-at="2023-08-09T01:42:40 EDT" duration-ms="531" status="PASS">
          <params>
            <param index="0">
              <value>
                <![CDATA["The user is presented with error message for code with the invalid syntax in tryEditor"]]>
              </value>
            </param>
            <param index="1">
              <value>
                <![CDATA["User Validates the Graph module in DS Algo"]]>
              </value>
            </param>
          </params>
          <reporter-output>
          </reporter-output>
        </test-method> <!-- runScenario -->
        <test-method signature="runScenario(io.cucumber.testng.PickleWrapper,io.cucumber.testng.FeatureWrapper)[pri:0, instance:runner.TestRunner@7d9f158f]" started-at="2023-08-09T01:42:40 EDT" name="runScenario" description="Runs Cucumber Scenarios" data-provider="scenarios" finished-at="2023-08-09T01:42:40 EDT" duration-ms="66" status="PASS">
          <params>
            <param index="0">
              <value>
                <![CDATA["User navigated to Graph Representations page"]]>
              </value>
            </param>
            <param index="1">
              <value>
                <![CDATA["User Validates the Graph module in DS Algo"]]>
              </value>
            </param>
          </params>
          <reporter-output>
          </reporter-output>
        </test-method> <!-- runScenario -->
        <test-method signature="runScenario(io.cucumber.testng.PickleWrapper,io.cucumber.testng.FeatureWrapper)[pri:0, instance:runner.TestRunner@7d9f158f]" started-at="2023-08-09T01:42:40 EDT" name="runScenario" description="Runs Cucumber Scenarios" data-provider="scenarios" finished-at="2023-08-09T01:42:40 EDT" duration-ms="187" status="PASS">
          <params>
            <param index="0">
              <value>
                <![CDATA["User navigated to Practice Questions page"]]>
              </value>
            </param>
            <param index="1">
              <value>
                <![CDATA["User Validates the Graph module in DS Algo"]]>
              </value>
            </param>
          </params>
          <reporter-output>
          </reporter-output>
        </test-method> <!-- runScenario -->
        <test-method is-config="true" signature="tearDownClass()[pri:0, instance:runner.TestRunner@7d9f158f]" started-at="2023-08-09T01:42:40 EDT" name="tearDownClass" finished-at="2023-08-09T01:42:52 EDT" duration-ms="12458" status="PASS">
          <reporter-output>
          </reporter-output>
        </test-method> <!-- tearDownClass -->
      </class> <!-- runner.TestRunner -->
    </test> <!-- Default test -->
  </suite> <!-- Default suite -->
</testng-results>
